<?xml version="1.0" encoding="UTF-8"?>
<!-- Generated by org.testng.reporters.JUnitReportReporter -->
<testsuite hostname="DESKTOP-5TNOS95" failures="0" tests="3" name="com.expedia.flightbooking.TestNG_Grouping" time="0.025" errors="0" timestamp="2020-06-03T14:15:29 IST" skipped="0">
  <testcase classname="com.expedia.flightbooking.TestNG_Grouping" name="testBMW6" time="0.018"/>
  <system-out/>
  <testcase classname="com.expedia.flightbooking.TestNG_Grouping" name="testaudi" time="0.003"/>
  <system-out/>
  <testcase classname="com.expedia.flightbooking.TestNG_Grouping" name="testHonda" time="0.004"/>
  <system-out/>
</testsuite> <!-- com.expedia.flightbooking.TestNG_Grouping -->
